<?xml version="1.0" encoding="UTF-8"?>
<!-- Generated by org.testng.reporters.JUnitReportReporter -->
<testsuite hostname="Eswar-PC" name="com.gmail.tests.TC02_Logout" tests="1" failures="0" timestamp="9 May 2015 15:18:56 GMT" time="20.806" errors="0">
  <testcase name="test_TC01_Logout" time="20.806" classname="com.gmail.tests.TC02_Logout"/>
</testsuite> <!-- com.gmail.tests.TC02_Logout -->
