<?xml version="1.0" encoding="UTF-8"?>
<!-- Generated by org.testng.reporters.JUnitReportReporter -->
<testsuite hostname="Eswar-PC" name="com.gmail.tests.GMailLogin" tests="1" failures="0" timestamp="9 May 2015 02:51:17 GMT" time="0.056" errors="0">
  <testcase name="testGMailLogin" time="0.056" classname="com.gmail.tests.GMailLogin"/>
</testsuite> <!-- com.gmail.tests.GMailLogin -->
