<?xml version="1.0" encoding="UTF-8"?>
<!-- Generated by org.testng.reporters.JUnitReportReporter -->
<testsuite hostname="Eswar-PC" name="com.gmail.tests.TC01_Login" tests="1" failures="0" timestamp="12 May 2015 18:17:16 GMT" time="51.652" errors="0">
  <testcase name="test_TC01_Login" time="51.652" classname="com.gmail.tests.TC01_Login"/>
</testsuite> <!-- com.gmail.tests.TC01_Login -->
