<?xml version="1.0" encoding="UTF-8"?>
<!-- Generated by org.testng.reporters.JUnitReportReporter -->
<testsuite hostname="Eswar-PC" name="com.gmail.tests.TC02_Logout" tests="1" failures="0" timestamp="12 May 2015 18:17:16 GMT" time="79.235" errors="0">
  <testcase name="test_TC02_Logout" time="79.235" classname="com.gmail.tests.TC02_Logout"/>
</testsuite> <!-- com.gmail.tests.TC02_Logout -->
