<?xml version="1.0" encoding="UTF-8"?>
<!-- Generated by org.testng.reporters.JUnitReportReporter -->
<testsuite hostname="Eswar-PC" name="com.gmail.tests.TC01_Login" tests="1" failures="0" timestamp="10 May 2015 15:21:00 GMT" time="80.247" errors="0">
  <testcase name="test_TC01_Login" time="80.247" classname="com.gmail.tests.TC01_Login"/>
</testsuite> <!-- com.gmail.tests.TC01_Login -->
